Base path: C:/Program Files/Unity/Hub/Editor/5.1.2f1/Editor/Data
Pipe name: \\.\pipe\UnityShaderCompiler-64bit-1-7980
Cmd: getPlatforms
Cmd: preprocess
  insize=9226 outsize=2043 ok=1
Cmd: compileSnippet
  error: 2 plat 4 at (32): undeclared identifier 'UnityObjectToClipPos'\nCompiling Vertex program
  api=4 type=0 insize=7401 outsize=0 kw= ok=0
Cmd: preprocess
  insize=11027 outsize=663 ok=1
Cmd: compileSnippet
  error: 2 plat 4 at (36): undeclared identifier 'UnityStereoScreenSpaceUVAdjust'\nCompiling Vertex program
  api=4 type=0 insize=10593 outsize=0 kw= ok=0
Cmd: preprocess
  insize=1399 outsize=473 ok=1
Cmd: compileSnippet
  error: 2 plat 4 at (36): undeclared identifier 'UnityObjectToClipPos'\nCompiling Vertex program
  api=4 type=0 insize=1228 outsize=0 kw= ok=0
Cmd: preprocess
  insize=435 outsize=435 ok=1
Cmd: preprocess
  insize=1615 outsize=2301 ok=1
Cmd: compileSnippet
  api=4 type=0 insize=10869 outsize=1501 kw=DIRECTIONAL SHADOWS_OFF LIGHTMAP_OFF DIRLIGHTMAP_OFF DYNAMICLIGHTMAP_OFF ok=1
Cmd: compileSnippet
  api=4 type=1 insize=10869 outsize=3516 kw=DIRECTIONAL SHADOWS_OFF LIGHTMAP_OFF DIRLIGHTMAP_OFF DYNAMICLIGHTMAP_OFF ok=1
Cmd: compileSnippet
  api=4 type=2 insize=10869 outsize=7928 kw=DIRECTIONAL SHADOWS_OFF LIGHTMAP_OFF DIRLIGHTMAP_OFF DYNAMICLIGHTMAP_OFF ok=1
Cmd: compileSnippet
  api=4 type=3 insize=10869 outsize=6116 kw=DIRECTIONAL SHADOWS_OFF LIGHTMAP_OFF DIRLIGHTMAP_OFF DYNAMICLIGHTMAP_OFF ok=1
Cmd: compileSnippet
  api=4 type=0 insize=8264 outsize=1501 kw=POINT ok=1
Cmd: compileSnippet
  api=4 type=1 insize=8264 outsize=3703 kw=POINT ok=1
Cmd: compileSnippet
  api=4 type=2 insize=8264 outsize=7928 kw=POINT ok=1
Cmd: compileSnippet
  api=4 type=3 insize=8264 outsize=5353 kw=POINT ok=1
Cmd: compileSnippet
  api=4 type=0 insize=7383 outsize=1501 kw= ok=1
Cmd: compileSnippet
  api=4 type=1 insize=7383 outsize=1591 kw= ok=1
Cmd: compileSnippet
  api=4 type=2 insize=7383 outsize=7928 kw= ok=1
Cmd: compileSnippet
  api=4 type=3 insize=7383 outsize=5312 kw= ok=1
Cmd: compileSnippet
  api=4 type=0 insize=9754 outsize=1501 kw=LIGHTMAP_OFF DIRLIGHTMAP_OFF DYNAMICLIGHTMAP_OFF HDR_LIGHT_PREPASS_OFF ok=1
Cmd: compileSnippet
  api=4 type=1 insize=9754 outsize=1607 kw=LIGHTMAP_OFF DIRLIGHTMAP_OFF DYNAMICLIGHTMAP_OFF HDR_LIGHT_PREPASS_OFF ok=1
Cmd: compileSnippet
  api=4 type=2 insize=9754 outsize=7928 kw=LIGHTMAP_OFF DIRLIGHTMAP_OFF DYNAMICLIGHTMAP_OFF HDR_LIGHT_PREPASS_OFF ok=1
Cmd: compileSnippet
  api=4 type=3 insize=9754 outsize=5320 kw=LIGHTMAP_OFF DIRLIGHTMAP_OFF DYNAMICLIGHTMAP_OFF HDR_LIGHT_PREPASS_OFF ok=1
Cmd: compileSnippet
  api=4 type=0 insize=10728 outsize=1501 kw=LIGHTMAP_OFF DIRLIGHTMAP_OFF DYNAMICLIGHTMAP_OFF HDR_LIGHT_PREPASS_OFF ok=1
Cmd: compileSnippet
  api=4 type=1 insize=10728 outsize=2744 kw=LIGHTMAP_OFF DIRLIGHTMAP_OFF DYNAMICLIGHTMAP_OFF HDR_LIGHT_PREPASS_OFF ok=1
Cmd: compileSnippet
  api=4 type=2 insize=10728 outsize=7928 kw=LIGHTMAP_OFF DIRLIGHTMAP_OFF DYNAMICLIGHTMAP_OFF HDR_LIGHT_PREPASS_OFF ok=1
Cmd: compileSnippet
  api=4 type=3 insize=10728 outsize=6116 kw=LIGHTMAP_OFF DIRLIGHTMAP_OFF DYNAMICLIGHTMAP_OFF HDR_LIGHT_PREPASS_OFF ok=1
Cmd: compileSnippet
  api=4 type=0 insize=6195 outsize=1501 kw=SHADOWS_DEPTH ok=1
Cmd: compileSnippet
  api=4 type=1 insize=6195 outsize=534 kw=SHADOWS_DEPTH ok=1
Cmd: compileSnippet
  api=4 type=2 insize=6195 outsize=7928 kw=SHADOWS_DEPTH ok=1
Cmd: compileSnippet
  api=4 type=3 insize=6195 outsize=5223 kw=SHADOWS_DEPTH ok=1
Cmd: compileSnippet
  api=4 type=0 insize=7368 outsize=1501 kw= ok=1
Cmd: compileSnippet
  api=4 type=1 insize=7368 outsize=1436 kw= ok=1
Cmd: compileSnippet
  api=4 type=2 insize=7368 outsize=7928 kw= ok=1
Cmd: compileSnippet
  api=4 type=3 insize=7368 outsize=6214 kw= ok=1
Cmd: preprocess
  insize=1130 outsize=405 ok=1
Cmd: compileSnippet
  error: 2 plat 4 at (26): undeclared identifier 'UnityObjectToClipPos'\nCompiling Vertex program
  api=4 type=0 insize=1022 outsize=0 kw= ok=0
Cmd: preprocess
  insize=11311 outsize=798 ok=1
Cmd: compileSnippet
  error: 2 plat 4 at (47): undeclared identifier 'UnityObjectToClipPos'\nCompiling Vertex program
  api=4 type=0 insize=10721 outsize=0 kw= ok=0
Cmd: preprocess
  insize=1687 outsize=333 ok=1
Cmd: compileSnippet
  error: 2 plat 4 at (37): undeclared identifier 'UnityObjectToClipPos'\nCompiling Vertex program
  api=4 type=0 insize=1655 outsize=0 kw= ok=0
Cmd: preprocess
  insize=929 outsize=330 ok=1
Cmd: compileSnippet
  error: 2 plat 4 at (25): undeclared identifier 'UnityObjectToClipPos'\nCompiling Vertex program
  api=4 type=0 insize=904 outsize=0 kw= ok=0
Cmd: preprocess
  insize=992 outsize=289 ok=1
Cmd: compileSnippet
  error: 2 plat 4 at (27): undeclared identifier 'UnityObjectToClipPos'\nCompiling Vertex program
  api=4 type=0 insize=1008 outsize=0 kw= ok=0
Cmd: preprocess
  insize=2050 outsize=467 ok=1
Cmd: compileSnippet
  error: 2 plat 4 at (29): undeclared identifier 'UnityStereoScreenSpaceUVAdjust'\nCompiling Vertex program
  api=4 type=0 insize=1885 outsize=0 kw= ok=0
Cmd: preprocess
  insize=1385 outsize=387 ok=1
Cmd: compileSnippet
  error: 2 plat 4 at (31): undeclared identifier 'UnityObjectToClipPos'\nCompiling Vertex program
  api=4 type=0 insize=1303 outsize=0 kw= ok=0
Cmd: preprocess
  insize=3924 outsize=640 ok=1
Cmd: compileSnippet
  error: 2 plat 4 at (27): undeclared identifier 'UnityObjectToClipPos'\nCompiling Vertex program
  api=4 type=0 insize=3572 outsize=0 kw= ok=0
Cmd: preprocess
  insize=1454 outsize=2247 ok=1
Cmd: compileSnippet
  api=4 type=0 insize=11037 outsize=1501 kw=DIRECTIONAL SHADOWS_OFF LIGHTMAP_OFF DIRLIGHTMAP_OFF DYNAMICLIGHTMAP_OFF ok=1
Cmd: compileSnippet
  api=4 type=1 insize=11037 outsize=3516 kw=DIRECTIONAL SHADOWS_OFF LIGHTMAP_OFF DIRLIGHTMAP_OFF DYNAMICLIGHTMAP_OFF ok=1
Cmd: compileSnippet
  api=4 type=2 insize=11037 outsize=7863 kw=DIRECTIONAL SHADOWS_OFF LIGHTMAP_OFF DIRLIGHTMAP_OFF DYNAMICLIGHTMAP_OFF ok=1
Cmd: compileSnippet
  api=4 type=3 insize=11037 outsize=7083 kw=DIRECTIONAL SHADOWS_OFF LIGHTMAP_OFF DIRLIGHTMAP_OFF DYNAMICLIGHTMAP_OFF ok=1
Cmd: compileSnippet
  api=4 type=0 insize=8432 outsize=1501 kw=POINT ok=1
Cmd: compileSnippet
  api=4 type=1 insize=8432 outsize=3703 kw=POINT ok=1
Cmd: compileSnippet
  api=4 type=2 insize=8432 outsize=7863 kw=POINT ok=1
Cmd: compileSnippet
  api=4 type=3 insize=8432 outsize=6319 kw=POINT ok=1
Cmd: compileSnippet
  api=4 type=0 insize=7551 outsize=1501 kw= ok=1
Cmd: compileSnippet
  api=4 type=1 insize=7551 outsize=1591 kw= ok=1
Cmd: compileSnippet
  api=4 type=2 insize=7551 outsize=7863 kw= ok=1
Cmd: compileSnippet
  api=4 type=3 insize=7551 outsize=6279 kw= ok=1
Cmd: compileSnippet
  api=4 type=0 insize=9922 outsize=1501 kw=LIGHTMAP_OFF DIRLIGHTMAP_OFF DYNAMICLIGHTMAP_OFF HDR_LIGHT_PREPASS_OFF ok=1
Cmd: compileSnippet
  api=4 type=1 insize=9922 outsize=1607 kw=LIGHTMAP_OFF DIRLIGHTMAP_OFF DYNAMICLIGHTMAP_OFF HDR_LIGHT_PREPASS_OFF ok=1
Cmd: compileSnippet
  api=4 type=2 insize=9922 outsize=7863 kw=LIGHTMAP_OFF DIRLIGHTMAP_OFF DYNAMICLIGHTMAP_OFF HDR_LIGHT_PREPASS_OFF ok=1
Cmd: compileSnippet
  api=4 type=3 insize=9922 outsize=6287 kw=LIGHTMAP_OFF DIRLIGHTMAP_OFF DYNAMICLIGHTMAP_OFF HDR_LIGHT_PREPASS_OFF ok=1
Cmd: compileSnippet
  api=4 type=0 insize=10896 outsize=1501 kw=LIGHTMAP_OFF DIRLIGHTMAP_OFF DYNAMICLIGHTMAP_OFF HDR_LIGHT_PREPASS_OFF ok=1
Cmd: compileSnippet
  api=4 type=1 insize=10896 outsize=2744 kw=LIGHTMAP_OFF DIRLIGHTMAP_OFF DYNAMICLIGHTMAP_OFF HDR_LIGHT_PREPASS_OFF ok=1
Cmd: compileSnippet
  api=4 type=2 insize=10896 outsize=7863 kw=LIGHTMAP_OFF DIRLIGHTMAP_OFF DYNAMICLIGHTMAP_OFF HDR_LIGHT_PREPASS_OFF ok=1
Cmd: compileSnippet
  api=4 type=3 insize=10896 outsize=7083 kw=LIGHTMAP_OFF DIRLIGHTMAP_OFF DYNAMICLIGHTMAP_OFF HDR_LIGHT_PREPASS_OFF ok=1
Cmd: compileSnippet
  api=4 type=0 insize=6363 outsize=1501 kw=SHADOWS_DEPTH ok=1
Cmd: compileSnippet
  api=4 type=1 insize=6363 outsize=534 kw=SHADOWS_DEPTH ok=1
Cmd: compileSnippet
  api=4 type=2 insize=6363 outsize=7863 kw=SHADOWS_DEPTH ok=1
Cmd: compileSnippet
  api=4 type=3 insize=6363 outsize=5954 kw=SHADOWS_DEPTH ok=1
Cmd: compileSnippet
  api=4 type=0 insize=7536 outsize=1501 kw= ok=1
Cmd: compileSnippet
  api=4 type=1 insize=7536 outsize=1436 kw= ok=1
Cmd: compileSnippet
  api=4 type=2 insize=7536 outsize=7863 kw= ok=1
Cmd: compileSnippet
  api=4 type=3 insize=7536 outsize=7181 kw= ok=1
Cmd: preprocess
  insize=1013 outsize=1565 ok=1
Cmd: compileSnippet
  api=4 type=0 insize=7186 outsize=3443 kw=DIRECTIONAL SHADOWS_OFF LIGHTMAP_OFF DIRLIGHTMAP_OFF DYNAMICLIGHTMAP_OFF ok=1
Cmd: compileSnippet
  api=4 type=1 insize=7186 outsize=1769 kw=DIRECTIONAL SHADOWS_OFF LIGHTMAP_OFF DIRLIGHTMAP_OFF DYNAMICLIGHTMAP_OFF ok=1
Cmd: compileSnippet
  api=4 type=0 insize=4063 outsize=2533 kw=POINT ok=1
Cmd: compileSnippet
  api=4 type=1 insize=4063 outsize=2379 kw=POINT ok=1
Cmd: compileSnippet
  api=4 type=0 insize=3318 outsize=2533 kw= ok=1
Cmd: compileSnippet
  api=4 type=1 insize=3318 outsize=697 kw= ok=1
Cmd: compileSnippet
  api=4 type=0 insize=6349 outsize=3971 kw=LIGHTMAP_OFF DIRLIGHTMAP_OFF DYNAMICLIGHTMAP_OFF HDR_LIGHT_PREPASS_OFF ok=1
Cmd: compileSnippet
  api=4 type=1 insize=6349 outsize=1891 kw=LIGHTMAP_OFF DIRLIGHTMAP_OFF DYNAMICLIGHTMAP_OFF HDR_LIGHT_PREPASS_OFF ok=1
Cmd: compileSnippet
  api=4 type=0 insize=6344 outsize=3581 kw=LIGHTMAP_OFF DIRLIGHTMAP_OFF DYNAMICLIGHTMAP_OFF HDR_LIGHT_PREPASS_OFF ok=1
Cmd: compileSnippet
  api=4 type=1 insize=6344 outsize=2103 kw=LIGHTMAP_OFF DIRLIGHTMAP_OFF DYNAMICLIGHTMAP_OFF HDR_LIGHT_PREPASS_OFF ok=1
Cmd: compileSnippet
  api=4 type=0 insize=3543 outsize=3216 kw= ok=1
Cmd: compileSnippet
  api=4 type=1 insize=3543 outsize=1843 kw= ok=1
Cmd: preprocess
  insize=1229 outsize=384 ok=1
Cmd: compileSnippet
  error: 2 plat 4 at (26): undeclared identifier 'UnityObjectToClipPos'\nCompiling Vertex program
  api=4 type=0 insize=1150 outsize=0 kw= ok=0
Cmd: preprocess
  insize=6629 outsize=780 ok=1
Cmd: compileSnippet
  error: 2 plat 4 at (26): undeclared identifier 'UnityObjectToClipPos'\nCompiling Vertex program
  api=4 type=0 insize=1950 outsize=0 kw= ok=0
Cmd: preprocess
  insize=1300 outsize=288 ok=1
Cmd: compileSnippet
  error: 2 plat 4 at (26): undeclared identifier 'UnityObjectToClipPos'\nCompiling Vertex program
  api=4 type=0 insize=1316 outsize=0 kw= ok=0
Cmd: preprocess
  insize=1044 outsize=1036 ok=1
Cmd: compileSnippet
  api=4 type=0 insize=6797 outsize=3281 kw=DIRECTIONAL SHADOWS_OFF LIGHTMAP_OFF DIRLIGHTMAP_OFF DYNAMICLIGHTMAP_OFF ok=1
Cmd: compileSnippet
  api=4 type=1 insize=6797 outsize=1469 kw=DIRECTIONAL SHADOWS_OFF LIGHTMAP_OFF DIRLIGHTMAP_OFF DYNAMICLIGHTMAP_OFF ok=1
Cmd: compileSnippet
  api=4 type=0 insize=3915 outsize=2753 kw=POINT ok=1
Cmd: compileSnippet
  api=4 type=1 insize=3915 outsize=2151 kw=POINT ok=1
Cmd: compileSnippet
  api=4 type=0 insize=3333 outsize=2103 kw= ok=1
Cmd: compileSnippet
  api=4 type=1 insize=3333 outsize=1266 kw= ok=1
Cmd: preprocess
  insize=2911 outsize=751 ok=1
Cmd: compileSnippet
  error: 2 plat 4 at (31): undeclared identifier 'UnityObjectToClipPos'\nCompiling Vertex program
  api=4 type=0 insize=2429 outsize=0 kw= ok=0
Cmd: preprocess
  insize=882 outsize=277 ok=1
Cmd: compileSnippet
  error: 2 plat 4 at (22): undeclared identifier 'UnityObjectToClipPos'\nCompiling Vertex program
  api=4 type=0 insize=910 outsize=0 kw= ok=0
Cmd: preprocess
  insize=1511 outsize=365 ok=1
Cmd: compileSnippet
  error: 2 plat 4 at (29): undeclared identifier 'UnityObjectToClipPos'\nCompiling Vertex program
  api=4 type=0 insize=1448 outsize=0 kw= ok=0
Cmd: preprocess
  insize=1460 outsize=325 ok=1
Cmd: compileSnippet
  error: 2 plat 4 at (39): undeclared identifier 'UnityStereoScreenSpaceUVAdjust'\nCompiling Vertex program
  api=4 type=0 insize=1440 outsize=0 kw= ok=0
Cmd: preprocess
  insize=1867 outsize=255 ok=1
Cmd: compileSnippet
  error: 2 plat 4 at (17): undeclared identifier 'UnityObjectToClipPos'\nCompiling Vertex program
  api=4 type=0 insize=1917 outsize=0 kw= ok=0
Cmd: preprocess
  insize=1407 outsize=330 ok=1
Cmd: compileSnippet
  error: 2 plat 4 at (37): undeclared identifier 'UnityObjectToClipPos'\nCompiling Vertex program
  api=4 type=0 insize=1379 outsize=0 kw= ok=0
Cmd: preprocess
  insize=1322 outsize=304 ok=1
Cmd: compileSnippet
  error: 2 plat 4 at (29): undeclared identifier 'UnityObjectToClipPos'\nCompiling Vertex program
  api=4 type=0 insize=1323 outsize=0 kw= ok=0
Cmd: preprocess
  insize=2297 outsize=619 ok=1
Cmd: compileSnippet
  error: 2 plat 4 at (43): undeclared identifier 'UnityObjectToClipPos'\nCompiling Vertex program
  api=4 type=0 insize=1984 outsize=0 kw= ok=0
Cmd: preprocess
  insize=964 outsize=252 ok=1
Cmd: compileSnippet
  error: 2 plat 4 at (29): undeclared identifier 'UnityObjectToClipPos'\nCompiling Vertex program
  api=4 type=0 insize=1012 outsize=0 kw= ok=0
Cmd: preprocess
  insize=701 outsize=302 ok=1
Cmd: compileSnippet
  error: 2 plat 4 at (23): undeclared identifier 'UnityStereoScreenSpaceUVAdjust'\nCompiling Vertex program
  api=4 type=0 insize=699 outsize=0 kw= ok=0
Cmd: preprocess
  insize=6603 outsize=1035 ok=1
Cmd: compileSnippet
  error: 2 plat 4 at (40): undeclared identifier 'UnityObjectToClipPos'\nCompiling Vertex program
  api=4 type=0 insize=5784 outsize=0 kw= ok=0
Cmd: preprocess
  insize=32858 outsize=255 ok=1
Cmd: compileSnippet
  error: 2 plat 4 at (129): undeclared identifier 'UnityStereoScreenSpaceUVAdjust'\nCompiling Vertex program
  api=4 type=0 insize=32905 outsize=0 kw= ok=0
Cmd: preprocess
  insize=1198 outsize=242 ok=1
Cmd: compileSnippet
  error: 2 plat 4 at (35): undeclared identifier 'UnityObjectToClipPos'\nCompiling Vertex program
  api=4 type=0 insize=1258 outsize=0 kw= ok=0
Cmd: preprocess
  insize=4488 outsize=505 ok=1
Cmd: compileSnippet
  error: 2 plat 4 at (53): undeclared identifier 'UnityObjectToClipPos'\nCompiling Vertex program
  api=4 type=0 insize=4171 outsize=0 kw= ok=0
Cmd: preprocess
  insize=990 outsize=249 ok=1
Cmd: compileSnippet
  error: 2 plat 4 at (34): undeclared identifier 'UnityObjectToClipPos'\nCompiling Vertex program
  api=4 type=0 insize=1043 outsize=0 kw= ok=0
Cmd: preprocess
  insize=5826 outsize=1778 ok=1
Cmd: compileSnippet
  error: 2 plat 4 at (31): undeclared identifier 'UnityObjectToClipPos'\nCompiling Vertex program
  api=4 type=0 insize=4254 outsize=0 kw= ok=0
Cmd: preprocess
  insize=13376 outsize=1893 ok=1
Cmd: compileSnippet
  error: 2 plat 4 at (99): undeclared identifier 'UnityObjectToClipPos'\nCompiling Vertex program
  api=4 type=0 insize=11660 outsize=0 kw= ok=0
Cmd: preprocess
  insize=1024 outsize=332 ok=1
Cmd: compileSnippet
  error: 2 plat 4 at (24): undeclared identifier 'UnityObjectToClipPos'\nCompiling Vertex program
  api=4 type=0 insize=996 outsize=0 kw= ok=0
Cmd: preprocess
  insize=6201 outsize=732 ok=1
Cmd: compileSnippet
  error: 2 plat 4 at (76): undeclared identifier 'UnityObjectToClipPos'\nCompiling Vertex program
  api=4 type=0 insize=5472 outsize=0 kw= ok=0
Cmd: preprocess
  insize=2833 outsize=761 ok=1
Cmd: compileSnippet
  error: 2 plat 4 at (28): undeclared identifier 'UnityObjectToClipPos'\nCompiling Vertex program
  api=4 type=0 insize=2345 outsize=0 kw= ok=0
Cmd: preprocess
  insize=11755 outsize=2579 ok=1
Cmd: compileSnippet
  error: 2 plat 4 at (86): undeclared identifier 'UnityObjectToClipPos'\nCompiling Vertex program
  api=4 type=0 insize=9414 outsize=0 kw= ok=0
Cmd: preprocess
  insize=2667 outsize=1156 ok=1
Cmd: compileSnippet
  error: 2 plat 4 at (59): undeclared identifier 'UnityObjectToClipPos'\nCompiling Vertex program
  api=4 type=0 insize=1813 outsize=0 kw= ok=0
Cmd: preprocess
  insize=13864 outsize=2310 ok=1
Cmd: compileSnippet
  error: 2 plat 4 at (55): undeclared identifier 'UnityObjectToClipPos'\nCompiling Vertex program
  api=4 type=0 insize=11643 outsize=0 kw= ok=0
Cmd: preprocess
  insize=1908 outsize=439 ok=1
Cmd: compileSnippet
  error: 2 plat 4 at (26): undeclared identifier 'UnityObjectToClipPos'\nCompiling Vertex program
  api=4 type=0 insize=1745 outsize=0 kw= ok=0
Cmd: preprocess
  insize=1567 outsize=642 ok=1
Cmd: compileSnippet
  error: 2 plat 4 at (30): undeclared identifier 'UnityObjectToClipPos'\nCompiling Vertex program
  api=4 type=0 insize=1231 outsize=0 kw= ok=0
Cmd: preprocess
  insize=1943 outsize=276 ok=1
Cmd: compileSnippet
  error: 2 plat 4 at (27): undeclared identifier 'UnityObjectToClipPos'\nCompiling Vertex program
  api=4 type=0 insize=1971 outsize=0 kw= ok=0
Cmd: preprocess
  insize=26132 outsize=4108 ok=1
Cmd: compileSnippet
  error: 2 plat 4 at (51): undeclared identifier 'UnityObjectToClipPos'\nCompiling Vertex program
  api=4 type=0 insize=21378 outsize=0 kw= ok=0
Cmd: preprocess
  insize=4000 outsize=531 ok=1
Cmd: compileSnippet
  error: 2 plat 4 at (51): undeclared identifier 'UnityObjectToClipPos'\nCompiling Vertex program
  api=4 type=0 insize=3775 outsize=0 kw= ok=0
Cmd: preprocess
  insize=2139 outsize=280 ok=1
Cmd: compileSnippet
  error: 2 plat 4 at (32): undeclared identifier 'UnityObjectToClipPos'\nCompiling Vertex program
  api=4 type=0 insize=2161 outsize=0 kw= ok=0
Cmd: preprocess
  insize=1166 outsize=333 ok=1
Cmd: compileSnippet
  error: 2 plat 4 at (37): undeclared identifier 'UnityObjectToClipPos'\nCompiling Vertex program
  api=4 type=0 insize=1135 outsize=0 kw= ok=0
Cmd: preprocess
  insize=1173 outsize=434 ok=1
Cmd: compileSnippet
  error: 2 plat 4 at (27): undeclared identifier 'UnityObjectToClipPos'\nCompiling Vertex program
  api=4 type=0 insize=1013 outsize=0 kw= ok=0
Cmd: preprocess
  insize=737 outsize=249 ok=1
Cmd: compileSnippet
  error: 2 plat 4 at (20): undeclared identifier 'UnityStereoScreenSpaceUVAdjust'\nCompiling Vertex program
  api=4 type=0 insize=788 outsize=0 kw= ok=0
Cmd: preprocess
  insize=5860 outsize=854 ok=1
Cmd: compileSnippet
  error: 2 plat 4 at (40): undeclared identifier 'UnityObjectToClipPos'\nCompiling Vertex program
  api=4 type=0 insize=5221 outsize=0 kw= ok=0
Cmd: preprocess
  insize=6086 outsize=737 ok=1
Cmd: compileSnippet
  error: 2 plat 4 at (46): undeclared identifier 'UnityObjectToClipPos'\nCompiling Vertex program
  api=4 type=0 insize=5520 outsize=0 kw= ok=0
Cmd: preprocess
  insize=584 outsize=341 ok=1
Cmd: compileSnippet
  error: 2 plat 4 at (24): undeclared identifier 'UnityStereoScreenSpaceUVAdjust'\nCompiling Vertex program
  api=4 type=0 insize=545 outsize=0 kw= ok=0
Cmd: preprocess
  insize=8523 outsize=1127 ok=1
Cmd: compileSnippet
  error: 2 plat 4 at (38): undeclared identifier 'UnityObjectToClipPos'\nCompiling Vertex program
  api=4 type=0 insize=7437 outsize=0 kw= ok=0
Cmd: preprocess
  insize=1457 outsize=506 ok=1
Cmd: compileSnippet
  error: 2 plat 4 at (38): undeclared identifier 'UnityObjectToClipPos'\nCompiling Vertex program
  api=4 type=0 insize=1253 outsize=0 kw= ok=0
Cmd: preprocess
  insize=32868 outsize=255 ok=1
Cmd: compileSnippet
  error: 2 plat 4 at (128): undeclared identifier 'UnityStereoScreenSpaceUVAdjust'\nCompiling Vertex program
  api=4 type=0 insize=32915 outsize=0 kw= ok=0
Cmd: preprocess
  insize=5284 outsize=1721 ok=1
Cmd: compileSnippet
  error: 2 plat 4 at (68): undeclared identifier 'UnityObjectToClipPos'\nCompiling Vertex program
  api=4 type=0 insize=3867 outsize=0 kw= ok=0
Cmd: preprocess
  insize=6935 outsize=236 ok=1
Cmd: compileSnippet
  error: 2 plat 4 at (123): undeclared identifier 'UnityStereoScreenSpaceUVAdjust'\nCompiling Vertex program
  api=4 type=0 insize=7001 outsize=0 kw= ok=0
Cmd: preprocess
  insize=5497 outsize=418 ok=1
Cmd: compileSnippet
  error: 2 plat 4 at (28): undeclared identifier 'UnityObjectToClipPos'\nCompiling Vertex program
  api=4 type=0 insize=5333 outsize=0 kw= ok=0
Cmd: preprocess
  insize=5318 outsize=888 ok=1
Cmd: compileSnippet
  error: 2 plat 4 at (49): undeclared identifier 'UnityObjectToClipPos'\nCompiling Vertex program
  api=4 type=0 insize=4653 outsize=0 kw= ok=0
Cmd: preprocess
  insize=1308 outsize=384 ok=1
Cmd: compileSnippet
  error: 2 plat 4 at (43): undeclared identifier 'UnityObjectToClipPos'\nCompiling Vertex program
  api=4 type=0 insize=1226 outsize=0 kw= ok=0
Cmd: preprocess
  insize=5893 outsize=1219 ok=1
Cmd: compileSnippet
  error: 2 plat 4 at (164): undeclared identifier 'UnityObjectToClipPos'\nCompiling Vertex program
  api=4 type=0 insize=4336 outsize=0 kw= ok=0
Cmd: preprocess
  insize=714 outsize=286 ok=1
Cmd: compileSnippet
  error: 2 plat 4 at (34): undeclared identifier 'UnityObjectToClipPos'\nCompiling Vertex program
  api=4 type=0 insize=730 outsize=0 kw= ok=0
Cmd: preprocess
  insize=720 outsize=299 ok=1
Cmd: compileSnippet
  error: 2 plat 4 at (23): undeclared identifier 'UnityStereoScreenSpaceUVAdjust'\nCompiling Vertex program
  api=4 type=0 insize=721 outsize=0 kw= ok=0
Cmd: preprocess
  insize=4342 outsize=631 ok=1
Cmd: compileSnippet
  error: 2 plat 4 at (36): undeclared identifier 'UnityObjectToClipPos'\nCompiling Vertex program
  api=4 type=0 insize=3924 outsize=0 kw= ok=0
Cmd: preprocess
  insize=860 outsize=275 ok=1
Cmd: compileSnippet
  error: 2 plat 4 at (23): undeclared identifier 'UnityObjectToClipPos'\nCompiling Vertex program
  api=4 type=0 insize=889 outsize=0 kw= ok=0
Cmd: preprocess
  insize=1460 outsize=272 ok=1
Cmd: compileSnippet
  error: 2 plat 4 at (27): undeclared identifier 'UnityObjectToClipPos'\nCompiling Vertex program
  api=4 type=0 insize=1493 outsize=0 kw= ok=0
Cmd: preprocess
  insize=2013 outsize=947 ok=1
Cmd: compileSnippet
  error: 2 plat 4 at (39): undeclared identifier 'UnityObjectToClipPos'\nCompiling Vertex program
  api=4 type=0 insize=858 outsize=0 kw= ok=0
Cmd: preprocess
  insize=5159 outsize=700 ok=1
Cmd: compileSnippet
  error: 2 plat 4 at (56): undeclared identifier 'UnityObjectToClipPos'\nCompiling Vertex program
  api=4 type=0 insize=4723 outsize=0 kw= ok=0
Cmd: preprocess
  insize=1079 outsize=470 ok=1
Cmd: compileSnippet
  error: 2 plat 4 at (33): undeclared identifier 'UnityObjectToClipPos'\nCompiling Vertex program
  api=4 type=0 insize=911 outsize=0 kw= ok=0
Cmd: preprocess
  insize=1138 outsize=364 ok=1
Cmd: compileSnippet
  error: 2 plat 4 at (28): undeclared identifier 'UnityObjectToClipPos'\nCompiling Vertex program
  api=4 type=0 insize=1079 outsize=0 kw= ok=0
Cmd: preprocess
  insize=511 outsize=241 ok=1
Cmd: compileSnippet
  error: 2 plat 4 at (27): undeclared identifier 'UnityObjectToClipPos'\nCompiling Vertex program
  api=4 type=0 insize=572 outsize=0 kw= ok=0
Cmd: preprocess
  insize=717 outsize=290 ok=1
Cmd: compileSnippet
  error: 2 plat 4 at (22): undeclared identifier 'UnityObjectToClipPos'\nCompiling Vertex program
  api=4 type=0 insize=732 outsize=0 kw= ok=0
Cmd: preprocess
  insize=5642 outsize=921 ok=1
Cmd: compileSnippet
  error: 2 plat 4 at (38): undeclared identifier 'UnityObjectToClipPos'\nCompiling Vertex program
  api=4 type=0 insize=4951 outsize=0 kw= ok=0
Cmd: compileSnippet
  api=4 type=0 insize=8432 outsize=1501 kw=DIRECTIONAL ok=1
Cmd: compileSnippet
  api=4 type=1 insize=8432 outsize=2948 kw=DIRECTIONAL ok=1
Cmd: compileSnippet
  api=4 type=2 insize=8432 outsize=7863 kw=DIRECTIONAL ok=1
Cmd: compileSnippet
  api=4 type=3 insize=8432 outsize=6319 kw=DIRECTIONAL ok=1
Cmd: compileSnippet
  api=4 type=0 insize=751 outsize=3533 kw=SHADOWS_DEPTH ok=1
Cmd: compileSnippet
  api=4 type=1 insize=751 outsize=380 kw=SHADOWS_DEPTH ok=1
Cmd: compileSnippet
  api=4 type=0 insize=977 outsize=3979 kw=DIRECTIONAL SHADOWS_OFF LIGHTMAP_OFF DIRLIGHTMAP_OFF DYNAMICLIGHTMAP_OFF ok=1
Cmd: compileSnippet
  api=4 type=1 insize=977 outsize=10504 kw=DIRECTIONAL SHADOWS_OFF LIGHTMAP_OFF DIRLIGHTMAP_OFF DYNAMICLIGHTMAP_OFF ok=1
Cmd: compileSnippet
  api=4 type=0 insize=934 outsize=4036 kw=DIRECTIONAL SHADOWS_OFF ok=1
Cmd: compileSnippet
  api=4 type=1 insize=934 outsize=5401 kw=DIRECTIONAL SHADOWS_OFF ok=1
Cmd: compileSnippet
  api=4 type=0 insize=1333 outsize=1404 kw= ok=1
Cmd: compileSnippet
  api=4 type=1 insize=1333 outsize=1168 kw= ok=1
Cmd: compileSnippet
  api=4 type=0 insize=1329 outsize=1404 kw= ok=1
Cmd: compileSnippet
  api=4 type=1 insize=1329 outsize=1168 kw= ok=1
Cmd: compileSnippet
  api=4 type=0 insize=1329 outsize=1404 kw= ok=1
Cmd: compileSnippet
  api=4 type=1 insize=1329 outsize=1168 kw= ok=1
Cmd: compileSnippet
  api=4 type=0 insize=1333 outsize=1404 kw= ok=1
Cmd: compileSnippet
  api=4 type=1 insize=1333 outsize=1168 kw= ok=1
Cmd: compileSnippet
  api=4 type=0 insize=1321 outsize=1404 kw= ok=1
Cmd: compileSnippet
  api=4 type=1 insize=1321 outsize=1168 kw= ok=1
Cmd: compileSnippet
  api=4 type=0 insize=1331 outsize=1404 kw= ok=1
Cmd: compileSnippet
  api=4 type=1 insize=1331 outsize=1168 kw= ok=1
Cmd: compileSnippet
  api=4 type=0 insize=8264 outsize=1501 kw=DIRECTIONAL ok=1
Cmd: compileSnippet
  api=4 type=1 insize=8264 outsize=2948 kw=DIRECTIONAL ok=1
Cmd: compileSnippet
  api=4 type=2 insize=8264 outsize=7928 kw=DIRECTIONAL ok=1
Cmd: compileSnippet
  api=4 type=3 insize=8264 outsize=5353 kw=DIRECTIONAL ok=1
Cmd: compileSnippet
  api=4 type=0 insize=977 outsize=3979 kw=DIRECTIONAL SHADOWS_OFF LIGHTMAP_OFF DIRLIGHTMAP_OFF DYNAMICLIGHTMAP_OFF _EMISSION ok=1
Cmd: compileSnippet
  api=4 type=1 insize=977 outsize=10715 kw=DIRECTIONAL SHADOWS_OFF LIGHTMAP_OFF DIRLIGHTMAP_OFF DYNAMICLIGHTMAP_OFF _EMISSION ok=1
Cmd: compileSnippet
  api=4 type=0 insize=751 outsize=3533 kw=SHADOWS_DEPTH ok=1
Cmd: compileSnippet
  api=4 type=1 insize=751 outsize=380 kw=SHADOWS_DEPTH ok=1
Cmd: compileSnippet
  api=4 type=0 insize=982 outsize=3979 kw=DIRECTIONAL SHADOWS_OFF LIGHTMAP_OFF DIRLIGHTMAP_OFF DYNAMICLIGHTMAP_OFF ok=1
Cmd: compileSnippet
  api=4 type=1 insize=982 outsize=10561 kw=DIRECTIONAL SHADOWS_OFF LIGHTMAP_OFF DIRLIGHTMAP_OFF DYNAMICLIGHTMAP_OFF ok=1
Cmd: compileSnippet
  api=4 type=0 insize=938 outsize=4036 kw=DIRECTIONAL SHADOWS_OFF ok=1
Cmd: compileSnippet
  api=4 type=1 insize=938 outsize=5515 kw=DIRECTIONAL SHADOWS_OFF ok=1
Cmd: compileSnippet
  api=4 type=0 insize=541 outsize=3533 kw=SHADOWS_DEPTH ok=1
Cmd: compileSnippet
  api=4 type=1 insize=541 outsize=453 kw=SHADOWS_DEPTH ok=1
Cmd: compileSnippet
  api=4 type=0 insize=7523 outsize=4719 kw=DIRECTIONAL SHADOWS_OFF LIGHTMAP_OFF DIRLIGHTMAP_OFF DYNAMICLIGHTMAP_OFF ok=1
Cmd: compileSnippet
  api=4 type=1 insize=7523 outsize=3476 kw=DIRECTIONAL SHADOWS_OFF LIGHTMAP_OFF DIRLIGHTMAP_OFF DYNAMICLIGHTMAP_OFF ok=1
Cmd: compileSnippet
  api=4 type=0 insize=4918 outsize=3955 kw=DIRECTIONAL ok=1
Cmd: compileSnippet
  api=4 type=1 insize=4918 outsize=2907 kw=DIRECTIONAL ok=1
Cmd: compileSnippet
  api=4 type=0 insize=966 outsize=1290 kw= ok=1
Cmd: compileSnippet
  api=4 type=1 insize=966 outsize=811 kw= ok=1
Cmd: compileSnippet
  api=4 type=0 insize=3915 outsize=2753 kw=DIRECTIONAL ok=1
Cmd: compileSnippet
  api=4 type=1 insize=3915 outsize=1371 kw=DIRECTIONAL ok=1
Cmd: compileSnippet
  api=4 type=0 insize=9591 outsize=10358 kw=UNITY_COLORSPACE_GAMMA ok=1
Cmd: compileSnippet
  api=4 type=1 insize=9591 outsize=2639 kw=UNITY_COLORSPACE_GAMMA ok=1
